Build started at 2021-03-10T02:20:18.941473
Main binary: /usr/bin/python3
Build Options: -Ddocdir=/usr/local/share/doc -Dqemu_firmwarepath=/usr/local/share/qemu-firmware -Dqemu_suffix=qemu -Doptimization=0 -Ddebug=true -Dwerror=true -Dstrip=false -Db_pie=true -Db_staticpic=true -Db_coverage=false -Db_lto=false -Dcfi=false -Dcfi_debug=false -Dmalloc=system -Dmalloc_trim=auto -Dsparse=auto -Dkvm=auto -Dhax=auto -Dwhpx=auto -Dhvf=auto -Dxen=disabled -Dxen_pci_passthrough=auto -Dtcg=enabled -Dcocoa=auto -Dgtk=auto -Dmpath=auto -Dsdl=auto -Dsdl_image=auto -Dvnc=enabled -Dvnc_sasl=auto -Dvnc_jpeg=auto -Dvnc_png=auto -Dgettext=auto -Dxkbcommon=auto -Du2f=auto -Dvirtiofsd=auto -Dcapstone=auto -Dslirp=auto -Dfdt=auto -Dbrlapi=auto -Dcurl=auto -Dglusterfs=auto -Dbzip2=auto -Dlibiscsi=auto -Dlibnfs=auto -Diconv=auto -Dcurses=auto -Dlibudev=auto -Drbd=auto -Dlzo=auto -Dsnappy=auto -Dlzfse=auto -Dzstd=auto -Dseccomp=auto -Dvirtfs=auto -Dcap_ng=auto -Dattr=auto -Ddefault_devices=true -Ddocs=auto -Dsphinx_build= -Dinstall_blobs=true -Dvhost_user_blk_server=auto -Dmultiprocess=auto -Dfuse=auto -Dfuse_lseek=auto -Dguest_agent_msi=auto -Dtcg_interpreter=false -Dprefix=/usr/local -Dbindir=/usr/local/bin -Ddatadir=/usr/local/share -Dincludedir=/usr/local/include -Dlibdir=/usr/local/lib -Dlibexecdir=/usr/local/libexec -Dlocaledir=/usr/local/share/locale -Dlocalstatedir=/usr/local/var -Dmandir=/usr/local/share/man -Dsysconfdir=/usr/local/etc '--native-file config-meson.cross'
Python system: Linux
The Meson build system
Version: 0.55.3
Source dir: /home/lore/MasterThesis/qemu
Build dir: /home/lore/MasterThesis/qemu/bin/x86_64
Build type: native build
Running command: /usr/bin/head /home/lore/MasterThesis/qemu/VERSION
--- stdout ---
5.2.50

--- stderr ---


None of 'PKG_CONFIG_PATH' are defined in the environment, not changing global flags.
None of 'PKG_CONFIG_PATH' are defined in the environment, not changing global flags.
Project name: qemu
Project version: 5.2.50
None of 'CFLAGS' are defined in the environment, not changing global flags.
None of 'LDFLAGS' are defined in the environment, not changing global flags.
None of 'CPPFLAGS' are defined in the environment, not changing global flags.
None of 'CC_LD' are defined in the environment, not changing global flags.
Sanity testing C compiler: cc
Is cross compiler: False.
None of 'CC_LD' are defined in the environment, not changing global flags.
Sanity check compiler command line: cc /home/lore/MasterThesis/qemu/bin/x86_64/meson-private/sanitycheckc.c -o /home/lore/MasterThesis/qemu/bin/x86_64/meson-private/sanitycheckc.exe -pipe -D_FILE_OFFSET_BITS=64
Sanity check compile stdout:

-----
Sanity check compile stderr:

-----
Running test binary command: /home/lore/MasterThesis/qemu/bin/x86_64/meson-private/sanitycheckc.exe
C compiler for the build machine: cc (gcc 9.3.0 "cc (Ubuntu 9.3.0-17ubuntu1~20.04) 9.3.0")
C linker for the build machine: cc ld.bfd 2.34
None of 'CFLAGS' are defined in the environment, not changing global flags.
None of 'LDFLAGS' are defined in the environment, not changing global flags.
None of 'CPPFLAGS' are defined in the environment, not changing global flags.
None of 'CC_LD' are defined in the environment, not changing global flags.
Sanity testing C compiler: cc
Is cross compiler: False.
None of 'CC_LD' are defined in the environment, not changing global flags.
Sanity check compiler command line: cc /home/lore/MasterThesis/qemu/bin/x86_64/meson-private/sanitycheckc.c -o /home/lore/MasterThesis/qemu/bin/x86_64/meson-private/sanitycheckc.exe -pipe -D_FILE_OFFSET_BITS=64
Sanity check compile stdout:

-----
Sanity check compile stderr:

-----
Running test binary command: /home/lore/MasterThesis/qemu/bin/x86_64/meson-private/sanitycheckc.exe
C compiler for the host machine: cc (gcc 9.3.0 "cc (Ubuntu 9.3.0-17ubuntu1~20.04) 9.3.0")
C linker for the host machine: cc ld.bfd 2.34
Build machine cpu family: x86_64
Build machine cpu: x86_64
Host machine cpu family: x86_64
Host machine cpu: x86_64
Target machine cpu family: x86_64
Target machine cpu: x86_64
../../meson.build:10: WARNING: Module unstable-keyval has no backwards or forwards compatibility and might not exist in future releases.
Program sh found: YES
Program python3 found: YES (/usr/bin/python3)
Program bzip2 found: YES
None of 'CXXFLAGS' are defined in the environment, not changing global flags.
None of 'LDFLAGS' are defined in the environment, not changing global flags.
None of 'CPPFLAGS' are defined in the environment, not changing global flags.
None of 'CXX_LD' are defined in the environment, not changing global flags.
Sanity testing C++ compiler: c++
Is cross compiler: False.
None of 'CXX_LD' are defined in the environment, not changing global flags.
Sanity check compiler command line: c++ /home/lore/MasterThesis/qemu/bin/x86_64/meson-private/sanitycheckcpp.cc -o /home/lore/MasterThesis/qemu/bin/x86_64/meson-private/sanitycheckcpp.exe -pipe -D_FILE_OFFSET_BITS=64
Sanity check compile stdout:

-----
Sanity check compile stderr:

-----
Running test binary command: /home/lore/MasterThesis/qemu/bin/x86_64/meson-private/sanitycheckcpp.exe
C++ compiler for the host machine: c++ (gcc 9.3.0 "c++ (Ubuntu 9.3.0-17ubuntu1~20.04) 9.3.0")
C++ linker for the host machine: c++ ld.bfd 2.34
Program cgcc found: NO
None of 'CC_LD' are defined in the environment, not changing global flags.
Running compile:
Working directory:  /home/lore/MasterThesis/qemu/bin/x86_64/meson-private/tmprd06x6id
Command line:  cc /home/lore/MasterThesis/qemu/bin/x86_64/meson-private/tmprd06x6id/testfile.c -o /home/lore/MasterThesis/qemu/bin/x86_64/meson-private/tmprd06x6id/output.exe -pipe -D_FILE_OFFSET_BITS=64 -O0 -Wl,--start-group -lm -Wl,--end-group -Wl,--allow-shlib-undefined 

Code:
 int main(void) { return 0; }

Compiler stdout:
 
Compiler stderr:
 
Library m found: YES
None of 'CC_LD' are defined in the environment, not changing global flags.
Running compile:
Working directory:  /home/lore/MasterThesis/qemu/bin/x86_64/meson-private/tmpw0v4jk7n
Command line:  cc /home/lore/MasterThesis/qemu/bin/x86_64/meson-private/tmpw0v4jk7n/testfile.c -o /home/lore/MasterThesis/qemu/bin/x86_64/meson-private/tmpw0v4jk7n/output.exe -pipe -D_FILE_OFFSET_BITS=64 -O0 -Wl,--start-group -lutil -Wl,--end-group -Wl,--allow-shlib-undefined 

Code:
 int main(void) { return 0; }

Compiler stdout:
 
Compiler stderr:
 
Library util found: YES
Run-time dependency appleframeworks found: NO (tried framework)
Pkg-config binary for MachineChoice.HOST is not cached.
Pkg-config binary for MachineChoice.HOST specified from cross file, native file, or env var as ['pkg-config']
Found pkg-config: /usr/bin/pkg-config (0.29.1)
Determining dependency 'pixman-1' with pkg-config executable '/usr/bin/pkg-config'
PKG_CONFIG_PATH: 
Called `/usr/bin/pkg-config --modversion pixman-1` -> 0
0.38.4
PKG_CONFIG_PATH: 
Called `/usr/bin/pkg-config --cflags pixman-1` -> 0
-I/usr/include/pixman-1
PKG_CONFIG_PATH: 
Called `/usr/bin/pkg-config pixman-1 --libs` -> 0
-L/usr/lib/x86_64-linux-gnu -lpixman-1
PKG_CONFIG_PATH: 
Called `/usr/bin/pkg-config pixman-1 --libs` -> 0
-lpixman-1
None of 'PKG_CONFIG_PATH' are defined in the environment, not changing global flags.
None of 'CXX_LD' are defined in the environment, not changing global flags.
Running compile:
Working directory:  /home/lore/MasterThesis/qemu/bin/x86_64/meson-private/tmpuzk0xasp
Command line:  c++ /home/lore/MasterThesis/qemu/bin/x86_64/meson-private/tmpuzk0xasp/testfile.cpp -o /home/lore/MasterThesis/qemu/bin/x86_64/meson-private/tmpuzk0xasp/output.exe -pipe -D_FILE_OFFSET_BITS=64 -O0 -fpermissive 

Code:
 #include<stdio.h>
        
        int main(void) {
            printf("%ld\n", (long)(sizeof(void *)));
            return 0;
        };
Compiler stdout:
 
Compiler stderr:
 
Program stdout:

8

Program stderr:


Running compile:
Working directory:  /home/lore/MasterThesis/qemu/bin/x86_64/meson-private/tmppsdxfvxs
Command line:  c++ /home/lore/MasterThesis/qemu/bin/x86_64/meson-private/tmppsdxfvxs/testfile.cpp -o /home/lore/MasterThesis/qemu/bin/x86_64/meson-private/tmppsdxfvxs/output.obj -pipe -c -D_FILE_OFFSET_BITS=64 -O0 -fpermissive --print-search-dirs 

Code:
 
Compiler stdout:
 install: /usr/lib/gcc/x86_64-linux-gnu/9/
programs: =/usr/lib/gcc/x86_64-linux-gnu/9/:/usr/lib/gcc/x86_64-linux-gnu/9/:/usr/lib/gcc/x86_64-linux-gnu/:/usr/lib/gcc/x86_64-linux-gnu/9/:/usr/lib/gcc/x86_64-linux-gnu/:/usr/lib/gcc/x86_64-linux-gnu/9/../../../../x86_64-linux-gnu/bin/x86_64-linux-gnu/9/:/usr/lib/gcc/x86_64-linux-gnu/9/../../../../x86_64-linux-gnu/bin/x86_64-linux-gnu/:/usr/lib/gcc/x86_64-linux-gnu/9/../../../../x86_64-linux-gnu/bin/
libraries: =/usr/lib/gcc/x86_64-linux-gnu/9/:/usr/lib/gcc/x86_64-linux-gnu/9/../../../../x86_64-linux-gnu/lib/x86_64-linux-gnu/9/:/usr/lib/gcc/x86_64-linux-gnu/9/../../../../x86_64-linux-gnu/lib/x86_64-linux-gnu/:/usr/lib/gcc/x86_64-linux-gnu/9/../../../../x86_64-linux-gnu/lib/../lib/:/usr/lib/gcc/x86_64-linux-gnu/9/../../../x86_64-linux-gnu/9/:/usr/lib/gcc/x86_64-linux-gnu/9/../../../x86_64-linux-gnu/:/usr/lib/gcc/x86_64-linux-gnu/9/../../../../lib/:/lib/x86_64-linux-gnu/9/:/lib/x86_64-linux-gnu/:/lib/../lib/:/usr/lib/x86_64-linux-gnu/9/:/usr/lib/x86_64-linux-gnu/:/usr/lib/../lib/:/usr/lib/gcc/x86_64-linux-gnu/9/../../../../x86_64-linux-gnu/lib/:/usr/lib/gcc/x86_64-linux-gnu/9/../../../:/lib/:/usr/lib/

Compiler stderr:
 
Run-time dependency pixman-1 found: YES 0.38.4
None of 'CC_LD' are defined in the environment, not changing global flags.
Running compile:
Working directory:  /home/lore/MasterThesis/qemu/bin/x86_64/meson-private/tmp8y6wsp82
Command line:  cc /home/lore/MasterThesis/qemu/bin/x86_64/meson-private/tmp8y6wsp82/testfile.c -o /home/lore/MasterThesis/qemu/bin/x86_64/meson-private/tmp8y6wsp82/output.exe -pipe -D_FILE_OFFSET_BITS=64 -O0 -Wl,--start-group -laio -Wl,--end-group -Wl,--allow-shlib-undefined 

Code:
 int main(void) { return 0; }

Compiler stdout:
 
Compiler stderr:
 
Library aio found: YES
Pkg-config binary for MachineChoice.HOST is cached.
Determining dependency 'zlib' with pkg-config executable '/usr/bin/pkg-config'
PKG_CONFIG_PATH: 
Called `/usr/bin/pkg-config --modversion zlib` -> 0
1.2.11
PKG_CONFIG_PATH: 
Called `/usr/bin/pkg-config --cflags zlib` -> 0

PKG_CONFIG_PATH: 
Called `/usr/bin/pkg-config zlib --libs` -> 0
-L/usr/lib/x86_64-linux-gnu -lz
PKG_CONFIG_PATH: 
Called `/usr/bin/pkg-config zlib --libs` -> 0
-lz
None of 'PKG_CONFIG_PATH' are defined in the environment, not changing global flags.
Run-time dependency zlib found: YES 1.2.11
Pkg-config binary for MachineChoice.HOST is cached.
Determining dependency 'libnfs' with pkg-config executable '/usr/bin/pkg-config'
PKG_CONFIG_PATH: 
Called `/usr/bin/pkg-config --modversion libnfs` -> 1

Run-time dependency libnfs found: NO (tried pkgconfig)
None of 'CC_LD' are defined in the environment, not changing global flags.
Running compile:
Working directory:  /home/lore/MasterThesis/qemu/bin/x86_64/meson-private/tmpd70dzb5c
Command line:  cc /home/lore/MasterThesis/qemu/bin/x86_64/meson-private/tmpd70dzb5c/testfile.c -o /home/lore/MasterThesis/qemu/bin/x86_64/meson-private/tmpd70dzb5c/output.exe -pipe -D_FILE_OFFSET_BITS=64 -O0 -std=gnu99 

Code:
 
  #include <stddef.h>
  #include <sys/types.h>
  #ifdef CONFIG_LIBATTR
  #include <attr/xattr.h>
  #else
  #include <sys/xattr.h>
  #endif
  int main(void) { getxattr(NULL, NULL, NULL, 0); setxattr(NULL, NULL, NULL, 0, 0); return 0; }
Compiler stdout:
 
Compiler stderr:
 
Run-time dependency appleframeworks found: NO (tried framework)
Pkg-config binary for MachineChoice.HOST is cached.
Determining dependency 'libseccomp' with pkg-config executable '/usr/bin/pkg-config'
PKG_CONFIG_PATH: 
Called `/usr/bin/pkg-config --modversion libseccomp` -> 0
2.4.3
PKG_CONFIG_PATH: 
Called `/usr/bin/pkg-config --cflags libseccomp` -> 0

PKG_CONFIG_PATH: 
Called `/usr/bin/pkg-config libseccomp --libs` -> 0
-L/usr/lib/x86_64-linux-gnu -lseccomp
PKG_CONFIG_PATH: 
Called `/usr/bin/pkg-config libseccomp --libs` -> 0
-lseccomp
None of 'PKG_CONFIG_PATH' are defined in the environment, not changing global flags.
Run-time dependency libseccomp found: YES 2.4.3
Running compile:
Working directory:  /home/lore/MasterThesis/qemu/bin/x86_64/meson-private/tmp4fno0k8w
Command line:  cc /home/lore/MasterThesis/qemu/bin/x86_64/meson-private/tmp4fno0k8w/testfile.c -pipe -E -P -D_FILE_OFFSET_BITS=64 -P -O0 -std=gnu99 

Code:
 
        #ifdef __has_include
         #if !__has_include("cap-ng.h")
          #error "Header 'cap-ng.h' could not be found"
         #endif
        #else
         #include <cap-ng.h>
        #endif
Compiler stdout:
 
Compiler stderr:
 
Has header "cap-ng.h" : YES 
None of 'CC_LD' are defined in the environment, not changing global flags.
Running compile:
Working directory:  /home/lore/MasterThesis/qemu/bin/x86_64/meson-private/tmpu5oky8ik
Command line:  cc /home/lore/MasterThesis/qemu/bin/x86_64/meson-private/tmpu5oky8ik/testfile.c -o /home/lore/MasterThesis/qemu/bin/x86_64/meson-private/tmpu5oky8ik/output.exe -pipe -D_FILE_OFFSET_BITS=64 -O0 -Wl,--start-group -lcap-ng -Wl,--end-group -Wl,--allow-shlib-undefined 

Code:
 int main(void) { return 0; }

Compiler stdout:
 
Compiler stderr:
 
Library cap-ng found: YES
None of 'CC_LD' are defined in the environment, not changing global flags.
Running compile:
Working directory:  /home/lore/MasterThesis/qemu/bin/x86_64/meson-private/tmppga_7ekz
Command line:  cc /home/lore/MasterThesis/qemu/bin/x86_64/meson-private/tmppga_7ekz/testfile.c -o /home/lore/MasterThesis/qemu/bin/x86_64/meson-private/tmppga_7ekz/output.exe -pipe -D_FILE_OFFSET_BITS=64 -O0 -std=gnu99 -Wl,--start-group -lcap-ng -Wl,--end-group 

Code:
 
   #include <cap-ng.h>
   int main(void)
   {
     capng_capability_to_name(CAPNG_EFFECTIVE);
     return 0;
   }
Compiler stdout:
 
Compiler stderr:
 
Pkg-config binary for MachineChoice.HOST is cached.
Determining dependency 'xkbcommon' with pkg-config executable '/usr/bin/pkg-config'
PKG_CONFIG_PATH: 
Called `/usr/bin/pkg-config --modversion xkbcommon` -> 0
0.10.0
PKG_CONFIG_PATH: 
Called `/usr/bin/pkg-config --cflags xkbcommon` -> 0

PKG_CONFIG_PATH: 
Called `/usr/bin/pkg-config xkbcommon --libs` -> 0
-L/usr/lib/x86_64-linux-gnu -lxkbcommon
PKG_CONFIG_PATH: 
Called `/usr/bin/pkg-config xkbcommon --libs` -> 0
-lxkbcommon
None of 'PKG_CONFIG_PATH' are defined in the environment, not changing global flags.
Run-time dependency xkbcommon found: YES 0.10.0
None of 'CC_LD' are defined in the environment, not changing global flags.
Running compile:
Working directory:  /home/lore/MasterThesis/qemu/bin/x86_64/meson-private/tmp_6kr_zde
Command line:  cc /home/lore/MasterThesis/qemu/bin/x86_64/meson-private/tmp_6kr_zde/testfile.c -o /home/lore/MasterThesis/qemu/bin/x86_64/meson-private/tmp_6kr_zde/output.exe -pipe -D_FILE_OFFSET_BITS=64 -O0 -Wl,--start-group -lrt -Wl,--end-group -Wl,--allow-shlib-undefined 

Code:
 int main(void) { return 0; }

Compiler stdout:
 
Compiler stderr:
 
Library rt found: YES
Pkg-config binary for MachineChoice.HOST is cached.
Determining dependency 'libiscsi' with pkg-config executable '/usr/bin/pkg-config'
PKG_CONFIG_PATH: 
Called `/usr/bin/pkg-config --modversion libiscsi` -> 1

Run-time dependency libiscsi found: NO (tried pkgconfig)
Pkg-config binary for MachineChoice.HOST is cached.
Determining dependency 'libzstd' with pkg-config executable '/usr/bin/pkg-config'
PKG_CONFIG_PATH: 
Called `/usr/bin/pkg-config --modversion libzstd` -> 1

Run-time dependency libzstd found: NO (tried pkgconfig)
Pkg-config binary for MachineChoice.HOST is cached.
Determining dependency 'libcurl' with pkg-config executable '/usr/bin/pkg-config'
PKG_CONFIG_PATH: 
Called `/usr/bin/pkg-config --modversion libcurl` -> 0
7.68.0
PKG_CONFIG_PATH: 
Called `/usr/bin/pkg-config --cflags libcurl` -> 0
-I/usr/include/x86_64-linux-gnu
PKG_CONFIG_PATH: 
Called `/usr/bin/pkg-config libcurl --libs` -> 0
-L/usr/lib/x86_64-linux-gnu -lcurl
PKG_CONFIG_PATH: 
Called `/usr/bin/pkg-config libcurl --libs` -> 0
-lcurl
None of 'PKG_CONFIG_PATH' are defined in the environment, not changing global flags.
Run-time dependency libcurl found: YES 7.68.0
Pkg-config binary for MachineChoice.HOST is cached.
Determining dependency 'libudev' with pkg-config executable '/usr/bin/pkg-config'
PKG_CONFIG_PATH: 
Called `/usr/bin/pkg-config --modversion libudev` -> 1

Run-time dependency libudev found: NO (tried pkgconfig)
None of 'CC_LD' are defined in the environment, not changing global flags.
Running compile:
Working directory:  /home/lore/MasterThesis/qemu/bin/x86_64/meson-private/tmpshe00bkr
Command line:  cc /home/lore/MasterThesis/qemu/bin/x86_64/meson-private/tmpshe00bkr/testfile.c -o /home/lore/MasterThesis/qemu/bin/x86_64/meson-private/tmpshe00bkr/output.exe -pipe -D_FILE_OFFSET_BITS=64 -O0 -Wl,--start-group -lmpathpersist -Wl,--end-group -Wl,--allow-shlib-undefined 

Code:
 int main(void) { return 0; }

Compiler stdout:
 
Compiler stderr:
 /usr/bin/ld: cannot find -lmpathpersist
collect2: error: ld returned 1 exit status

None of 'CC_LD' are defined in the environment, not changing global flags.
Running compile:
Working directory:  /home/lore/MasterThesis/qemu/bin/x86_64/meson-private/tmp_56opfau
Command line:  cc /home/lore/MasterThesis/qemu/bin/x86_64/meson-private/tmp_56opfau/testfile.c -o /home/lore/MasterThesis/qemu/bin/x86_64/meson-private/tmp_56opfau/output.exe -pipe -D_FILE_OFFSET_BITS=64 -O0 

Code:
 #include<stdio.h>
        
        int main(void) {
            printf("%ld\n", (long)(sizeof(void *)));
            return 0;
        };
Compiler stdout:
 
Compiler stderr:
 
Program stdout:

8

Program stderr:


Running compile:
Working directory:  /home/lore/MasterThesis/qemu/bin/x86_64/meson-private/tmp3s0rs9_y
Command line:  cc /home/lore/MasterThesis/qemu/bin/x86_64/meson-private/tmp3s0rs9_y/testfile.c -o /home/lore/MasterThesis/qemu/bin/x86_64/meson-private/tmp3s0rs9_y/output.obj -pipe -c -D_FILE_OFFSET_BITS=64 -O0 --print-search-dirs 

Code:
 
Compiler stdout:
 install: /usr/lib/gcc/x86_64-linux-gnu/9/
programs: =/usr/lib/gcc/x86_64-linux-gnu/9/:/usr/lib/gcc/x86_64-linux-gnu/9/:/usr/lib/gcc/x86_64-linux-gnu/:/usr/lib/gcc/x86_64-linux-gnu/9/:/usr/lib/gcc/x86_64-linux-gnu/:/usr/lib/gcc/x86_64-linux-gnu/9/../../../../x86_64-linux-gnu/bin/x86_64-linux-gnu/9/:/usr/lib/gcc/x86_64-linux-gnu/9/../../../../x86_64-linux-gnu/bin/x86_64-linux-gnu/:/usr/lib/gcc/x86_64-linux-gnu/9/../../../../x86_64-linux-gnu/bin/
libraries: =/usr/lib/gcc/x86_64-linux-gnu/9/:/usr/lib/gcc/x86_64-linux-gnu/9/../../../../x86_64-linux-gnu/lib/x86_64-linux-gnu/9/:/usr/lib/gcc/x86_64-linux-gnu/9/../../../../x86_64-linux-gnu/lib/x86_64-linux-gnu/:/usr/lib/gcc/x86_64-linux-gnu/9/../../../../x86_64-linux-gnu/lib/../lib/:/usr/lib/gcc/x86_64-linux-gnu/9/../../../x86_64-linux-gnu/9/:/usr/lib/gcc/x86_64-linux-gnu/9/../../../x86_64-linux-gnu/:/usr/lib/gcc/x86_64-linux-gnu/9/../../../../lib/:/lib/x86_64-linux-gnu/9/:/lib/x86_64-linux-gnu/:/lib/../lib/:/usr/lib/x86_64-linux-gnu/9/:/usr/lib/x86_64-linux-gnu/:/usr/lib/../lib/:/usr/lib/gcc/x86_64-linux-gnu/9/../../../../x86_64-linux-gnu/lib/:/usr/lib/gcc/x86_64-linux-gnu/9/../../../:/lib/:/usr/lib/

Compiler stderr:
 
Library mpathpersist found: NO
Pkg-config binary for MachineChoice.HOST is cached.
Determining dependency 'ncursesw' with pkg-config executable '/usr/bin/pkg-config'
PKG_CONFIG_PATH: 
Called `/usr/bin/pkg-config --modversion ncursesw` -> 0
6.2.20200212
PKG_CONFIG_PATH: 
Called `/usr/bin/pkg-config --cflags ncursesw` -> 0
-D_DEFAULT_SOURCE -D_XOPEN_SOURCE=600
PKG_CONFIG_PATH: 
Called `/usr/bin/pkg-config ncursesw --libs` -> 0
-Wl,-Bsymbolic-functions -lncursesw -ltinfo
PKG_CONFIG_PATH: 
Called `/usr/bin/pkg-config ncursesw --libs` -> 0
-Wl,-Bsymbolic-functions -lncursesw -ltinfo
None of 'PKG_CONFIG_PATH' are defined in the environment, not changing global flags.
None of 'CXX_LD' are defined in the environment, not changing global flags.
Running compile:
Working directory:  /home/lore/MasterThesis/qemu/bin/x86_64/meson-private/tmp4qu1jq_l
Command line:  c++ /home/lore/MasterThesis/qemu/bin/x86_64/meson-private/tmp4qu1jq_l/testfile.cpp -o /home/lore/MasterThesis/qemu/bin/x86_64/meson-private/tmp4qu1jq_l/output.exe -pipe -D_FILE_OFFSET_BITS=64 -O0 -fpermissive -Wl,--start-group -lncursesw -Wl,--end-group -Wl,--allow-shlib-undefined 

Code:
 int main(void) { return 0; }

Compiler stdout:
 
Compiler stderr:
 
None of 'CXX_LD' are defined in the environment, not changing global flags.
Running compile:
Working directory:  /home/lore/MasterThesis/qemu/bin/x86_64/meson-private/tmpbfuz4j97
Command line:  c++ /home/lore/MasterThesis/qemu/bin/x86_64/meson-private/tmpbfuz4j97/testfile.cpp -o /home/lore/MasterThesis/qemu/bin/x86_64/meson-private/tmpbfuz4j97/output.exe -pipe -D_FILE_OFFSET_BITS=64 -O0 -fpermissive -Wl,--start-group -ltinfo -Wl,--end-group -Wl,--allow-shlib-undefined 

Code:
 int main(void) { return 0; }

Compiler stdout:
 
Compiler stderr:
 
Run-time dependency ncursesw found: YES 6.2.20200212
None of 'CC_LD' are defined in the environment, not changing global flags.
Running compile:
Working directory:  /home/lore/MasterThesis/qemu/bin/x86_64/meson-private/tmp283k4hhp
Command line:  cc /home/lore/MasterThesis/qemu/bin/x86_64/meson-private/tmp283k4hhp/testfile.c -o /home/lore/MasterThesis/qemu/bin/x86_64/meson-private/tmp283k4hhp/output.exe -pipe -D_DEFAULT_SOURCE -D_XOPEN_SOURCE=600 -D_FILE_OFFSET_BITS=64 -O0 -std=gnu99 -DNCURSES_WIDECHAR -Wl,-Bsymbolic-functions -Wl,--start-group -lncursesw -ltinfo -Wl,--end-group 

Code:
 
    #include <locale.h>
    #include <curses.h>
    #include <wchar.h>
    int main(void) {
      wchar_t wch = L'w';
      setlocale(LC_ALL, "");
      resize_term(0, 0);
      addwstr(L"wide chars\n");
      addnwstr(&wch, 1);
      add_wch(WACS_DEGREE);
      return 0;
    }
Compiler stdout:
 
Compiler stderr:
 
None of 'CC_LD' are defined in the environment, not changing global flags.
Running compile:
Working directory:  /home/lore/MasterThesis/qemu/bin/x86_64/meson-private/tmpmc0svx8a
Command line:  cc -I/usr/include/glib-2.0 -I/usr/lib/x86_64-linux-gnu/glib-2.0/include /home/lore/MasterThesis/qemu/bin/x86_64/meson-private/tmpmc0svx8a/testfile.c -o /home/lore/MasterThesis/qemu/bin/x86_64/meson-private/tmpmc0svx8a/output.exe -pipe -D_FILE_OFFSET_BITS=64 -O0 -std=gnu99 -pthread -Wl,--start-group -lgthread-2.0 -lglib-2.0 -liconv -Wl,--end-group 

Code:
 
        #include <iconv.h>
        int main(void) {
          iconv_t conv = iconv_open("WCHAR_T", "UCS-2");
          return conv != (iconv_t) -1;
        }
Compiler stdout:
 
Compiler stderr:
 /usr/bin/ld: cannot find -liconv
collect2: error: ld returned 1 exit status

None of 'CC_LD' are defined in the environment, not changing global flags.
Running compile:
Working directory:  /home/lore/MasterThesis/qemu/bin/x86_64/meson-private/tmpv5cg9m02
Command line:  cc -I/usr/include/glib-2.0 -I/usr/lib/x86_64-linux-gnu/glib-2.0/include /home/lore/MasterThesis/qemu/bin/x86_64/meson-private/tmpv5cg9m02/testfile.c -o /home/lore/MasterThesis/qemu/bin/x86_64/meson-private/tmpv5cg9m02/output.exe -pipe -D_FILE_OFFSET_BITS=64 -O0 -std=gnu99 -pthread -Wl,--start-group -lgthread-2.0 -lglib-2.0 -Wl,--end-group 

Code:
 
        #include <iconv.h>
        int main(void) {
          iconv_t conv = iconv_open("WCHAR_T", "UCS-2");
          return conv != (iconv_t) -1;
        }
Compiler stdout:
 
Compiler stderr:
 
Running compile:
Working directory:  /home/lore/MasterThesis/qemu/bin/x86_64/meson-private/tmpe6f_2j82
Command line:  cc /home/lore/MasterThesis/qemu/bin/x86_64/meson-private/tmpe6f_2j82/testfile.c -pipe -E -P -D_FILE_OFFSET_BITS=64 -P -O0 -std=gnu99 

Code:
 
        #ifdef __has_include
         #if !__has_include("brlapi.h")
          #error "Header 'brlapi.h' could not be found"
         #endif
        #else
         #include <brlapi.h>
        #endif
Compiler stdout:
 
Compiler stderr:
 
Has header "brlapi.h" : YES 
None of 'CC_LD' are defined in the environment, not changing global flags.
Running compile:
Working directory:  /home/lore/MasterThesis/qemu/bin/x86_64/meson-private/tmprw1s4hdj
Command line:  cc /home/lore/MasterThesis/qemu/bin/x86_64/meson-private/tmprw1s4hdj/testfile.c -o /home/lore/MasterThesis/qemu/bin/x86_64/meson-private/tmprw1s4hdj/output.exe -pipe -D_FILE_OFFSET_BITS=64 -O0 -Wl,--start-group -lbrlapi -Wl,--end-group -Wl,--allow-shlib-undefined 

Code:
 int main(void) { return 0; }

Compiler stdout:
 
Compiler stderr:
 
Library brlapi found: YES
None of 'CC_LD' are defined in the environment, not changing global flags.
Running compile:
Working directory:  /home/lore/MasterThesis/qemu/bin/x86_64/meson-private/tmp81_k8cdr
Command line:  cc /home/lore/MasterThesis/qemu/bin/x86_64/meson-private/tmp81_k8cdr/testfile.c -o /home/lore/MasterThesis/qemu/bin/x86_64/meson-private/tmp81_k8cdr/output.exe -pipe -D_FILE_OFFSET_BITS=64 -O0 -std=gnu99 -Wl,--start-group -lbrlapi -Wl,--end-group 

Code:
 
     #include <brlapi.h>
     #include <stddef.h>
     int main(void) { return brlapi__openConnection (NULL, NULL, NULL); }
Compiler stdout:
 
Compiler stderr:
 
Pkg-config binary for MachineChoice.HOST is cached.
Determining dependency 'sdl2' with pkg-config executable '/usr/bin/pkg-config'
PKG_CONFIG_PATH: 
Called `/usr/bin/pkg-config --modversion sdl2` -> 1

sdl2-config binary missing from cross or native file, or env var undefined.
Trying a default sdl2-config fallback at sdl2-config
sdl2-config found: NO
Run-time dependency sdl2 found: NO (tried pkgconfig and config-tool)
None of 'CC_LD' are defined in the environment, not changing global flags.
Running compile:
Working directory:  /home/lore/MasterThesis/qemu/bin/x86_64/meson-private/tmpyo_8cqe6
Command line:  cc /home/lore/MasterThesis/qemu/bin/x86_64/meson-private/tmpyo_8cqe6/testfile.c -o /home/lore/MasterThesis/qemu/bin/x86_64/meson-private/tmpyo_8cqe6/output.exe -pipe -D_FILE_OFFSET_BITS=64 -O0 -Wl,--start-group -lrados -Wl,--end-group -Wl,--allow-shlib-undefined 

Code:
 int main(void) { return 0; }

Compiler stdout:
 
Compiler stderr:
 
Library rados found: YES
Running compile:
Working directory:  /home/lore/MasterThesis/qemu/bin/x86_64/meson-private/tmp5dowpn17
Command line:  cc /home/lore/MasterThesis/qemu/bin/x86_64/meson-private/tmp5dowpn17/testfile.c -pipe -E -P -D_FILE_OFFSET_BITS=64 -P -O0 -std=gnu99 

Code:
 
        #ifdef __has_include
         #if !__has_include("rbd/librbd.h")
          #error "Header 'rbd/librbd.h' could not be found"
         #endif
        #else
         #include <rbd/librbd.h>
        #endif
Compiler stdout:
 
Compiler stderr:
 
Has header "rbd/librbd.h" : YES 
None of 'CC_LD' are defined in the environment, not changing global flags.
Running compile:
Working directory:  /home/lore/MasterThesis/qemu/bin/x86_64/meson-private/tmp_fur046g
Command line:  cc /home/lore/MasterThesis/qemu/bin/x86_64/meson-private/tmp_fur046g/testfile.c -o /home/lore/MasterThesis/qemu/bin/x86_64/meson-private/tmp_fur046g/output.exe -pipe -D_FILE_OFFSET_BITS=64 -O0 -Wl,--start-group -lrbd -Wl,--end-group -Wl,--allow-shlib-undefined 

Code:
 int main(void) { return 0; }

Compiler stdout:
 
Compiler stderr:
 
Library rbd found: YES
None of 'CC_LD' are defined in the environment, not changing global flags.
Running compile:
Working directory:  /home/lore/MasterThesis/qemu/bin/x86_64/meson-private/tmpa6o4hwpa
Command line:  cc /home/lore/MasterThesis/qemu/bin/x86_64/meson-private/tmpa6o4hwpa/testfile.c -o /home/lore/MasterThesis/qemu/bin/x86_64/meson-private/tmpa6o4hwpa/output.exe -pipe -D_FILE_OFFSET_BITS=64 -O0 -std=gnu99 -Wl,--start-group -lrbd -lrados -Wl,--end-group 

Code:
 
      #include <stdio.h>
      #include <rbd/librbd.h>
      int main(void) {
        rados_t cluster;
        rados_create(&cluster, NULL);
        return 0;
      }
Compiler stdout:
 
Compiler stderr:
 
Pkg-config binary for MachineChoice.HOST is cached.
Determining dependency 'glusterfs-api' with pkg-config executable '/usr/bin/pkg-config'
PKG_CONFIG_PATH: 
Called `/usr/bin/pkg-config --modversion glusterfs-api` -> 1

Run-time dependency glusterfs-api found: NO (tried pkgconfig)
Running compile:
Working directory:  /home/lore/MasterThesis/qemu/bin/x86_64/meson-private/tmphe6aalrn
Command line:  cc /home/lore/MasterThesis/qemu/bin/x86_64/meson-private/tmphe6aalrn/testfile.c -pipe -E -P -D_FILE_OFFSET_BITS=64 -P -O0 -std=gnu99 

Code:
 
        #ifdef __has_include
         #if !__has_include("bzlib.h")
          #error "Header 'bzlib.h' could not be found"
         #endif
        #else
         #include <bzlib.h>
        #endif
Compiler stdout:
 
Compiler stderr:
 
Has header "bzlib.h" : YES 
None of 'CC_LD' are defined in the environment, not changing global flags.
Running compile:
Working directory:  /home/lore/MasterThesis/qemu/bin/x86_64/meson-private/tmpkdl919s1
Command line:  cc /home/lore/MasterThesis/qemu/bin/x86_64/meson-private/tmpkdl919s1/testfile.c -o /home/lore/MasterThesis/qemu/bin/x86_64/meson-private/tmpkdl919s1/output.exe -pipe -D_FILE_OFFSET_BITS=64 -O0 -Wl,--start-group -lbz2 -Wl,--end-group -Wl,--allow-shlib-undefined 

Code:
 int main(void) { return 0; }

Compiler stdout:
 
Compiler stderr:
 
Library bz2 found: YES
None of 'CC_LD' are defined in the environment, not changing global flags.
Running compile:
Working directory:  /home/lore/MasterThesis/qemu/bin/x86_64/meson-private/tmph3xvxgr8
Command line:  cc /home/lore/MasterThesis/qemu/bin/x86_64/meson-private/tmph3xvxgr8/testfile.c -o /home/lore/MasterThesis/qemu/bin/x86_64/meson-private/tmph3xvxgr8/output.exe -pipe -D_FILE_OFFSET_BITS=64 -O0 -std=gnu99 -Wl,--start-group -lbz2 -Wl,--end-group 

Code:
 
     #include <bzlib.h>
     int main(void) { BZ2_bzlibVersion(); return 0; }
Compiler stdout:
 
Compiler stderr:
 
Running compile:
Working directory:  /home/lore/MasterThesis/qemu/bin/x86_64/meson-private/tmp0966a0l4
Command line:  cc /home/lore/MasterThesis/qemu/bin/x86_64/meson-private/tmp0966a0l4/testfile.c -pipe -E -P -D_FILE_OFFSET_BITS=64 -P -O0 -std=gnu99 

Code:
 
        #ifdef __has_include
         #if !__has_include("lzfse.h")
          #error "Header 'lzfse.h' could not be found"
         #endif
        #else
         #include <lzfse.h>
        #endif
Compiler stdout:
 
Compiler stderr:
 /home/lore/MasterThesis/qemu/bin/x86_64/meson-private/tmp0966a0l4/testfile.c:4:12: error: #error "Header 'lzfse.h' could not be found"
    4 |           #error "Header 'lzfse.h' could not be found"
      |            ^~~~~

Has header "lzfse.h" : NO 
Pkg-config binary for MachineChoice.HOST is cached.
Determining dependency 'gtk+-3.0' with pkg-config executable '/usr/bin/pkg-config'
PKG_CONFIG_PATH: 
Called `/usr/bin/pkg-config --modversion gtk+-3.0` -> 0
3.24.20
PKG_CONFIG_PATH: 
Called `/usr/bin/pkg-config --cflags gtk+-3.0` -> 0
-pthread -I/usr/include/gtk-3.0 -I/usr/include/at-spi2-atk/2.0 -I/usr/include/at-spi-2.0 -I/usr/include/dbus-1.0 -I/usr/lib/x86_64-linux-gnu/dbus-1.0/include -I/usr/include/gtk-3.0 -I/usr/include/gio-unix-2.0 -I/usr/include/cairo -I/usr/include/pango-1.0 -I/usr/include/fribidi -I/usr/include/harfbuzz -I/usr/include/atk-1.0 -I/usr/include/cairo -I/usr/include/pixman-1 -I/usr/include/uuid -I/usr/include/freetype2 -I/usr/include/libpng16 -I/usr/include/gdk-pixbuf-2.0 -I/usr/include/libmount -I/usr/include/blkid -I/usr/include/glib-2.0 -I/usr/lib/x86_64-linux-gnu/glib-2.0/include
PKG_CONFIG_PATH: 
Called `/usr/bin/pkg-config gtk+-3.0 --libs` -> 0
-L/usr/lib/x86_64-linux-gnu -lgtk-3 -lgdk-3 -lpangocairo-1.0 -lpango-1.0 -lharfbuzz -latk-1.0 -lcairo-gobject -lcairo -lgdk_pixbuf-2.0 -lgio-2.0 -lgobject-2.0 -lglib-2.0
PKG_CONFIG_PATH: 
Called `/usr/bin/pkg-config gtk+-3.0 --libs` -> 0
-lgtk-3 -lgdk-3 -lpangocairo-1.0 -lpango-1.0 -lharfbuzz -latk-1.0 -lcairo-gobject -lcairo -lgdk_pixbuf-2.0 -lgio-2.0 -lgobject-2.0 -lglib-2.0
None of 'PKG_CONFIG_PATH' are defined in the environment, not changing global flags.
Run-time dependency gtk+-3.0 found: YES 3.24.20
Pkg-config binary for MachineChoice.HOST is cached.
Determining dependency 'gtk+-x11-3.0' with pkg-config executable '/usr/bin/pkg-config'
PKG_CONFIG_PATH: 
Called `/usr/bin/pkg-config --modversion gtk+-x11-3.0` -> 0
3.24.20
PKG_CONFIG_PATH: 
Called `/usr/bin/pkg-config --cflags gtk+-x11-3.0` -> 0
-pthread -I/usr/include/gtk-3.0 -I/usr/include/at-spi2-atk/2.0 -I/usr/include/at-spi-2.0 -I/usr/include/dbus-1.0 -I/usr/lib/x86_64-linux-gnu/dbus-1.0/include -I/usr/include/gtk-3.0 -I/usr/include/gio-unix-2.0 -I/usr/include/cairo -I/usr/include/pango-1.0 -I/usr/include/fribidi -I/usr/include/harfbuzz -I/usr/include/atk-1.0 -I/usr/include/cairo -I/usr/include/pixman-1 -I/usr/include/uuid -I/usr/include/freetype2 -I/usr/include/libpng16 -I/usr/include/gdk-pixbuf-2.0 -I/usr/include/libmount -I/usr/include/blkid -I/usr/include/glib-2.0 -I/usr/lib/x86_64-linux-gnu/glib-2.0/include
PKG_CONFIG_PATH: 
Called `/usr/bin/pkg-config gtk+-x11-3.0 --libs` -> 0
-L/usr/lib/x86_64-linux-gnu -lgtk-3 -lgdk-3 -lpangocairo-1.0 -lpango-1.0 -lharfbuzz -latk-1.0 -lcairo-gobject -lcairo -lgdk_pixbuf-2.0 -lgio-2.0 -lgobject-2.0 -lglib-2.0
PKG_CONFIG_PATH: 
Called `/usr/bin/pkg-config gtk+-x11-3.0 --libs` -> 0
-lgtk-3 -lgdk-3 -lpangocairo-1.0 -lpango-1.0 -lharfbuzz -latk-1.0 -lcairo-gobject -lcairo -lgdk_pixbuf-2.0 -lgio-2.0 -lgobject-2.0 -lglib-2.0
None of 'PKG_CONFIG_PATH' are defined in the environment, not changing global flags.
Run-time dependency gtk+-x11-3.0 found: YES 3.24.20
Pkg-config binary for MachineChoice.HOST is cached.
Determining dependency 'x11' with pkg-config executable '/usr/bin/pkg-config'
PKG_CONFIG_PATH: 
Called `/usr/bin/pkg-config --modversion x11` -> 0
1.6.9
PKG_CONFIG_PATH: 
Called `/usr/bin/pkg-config --cflags x11` -> 0

PKG_CONFIG_PATH: 
Called `/usr/bin/pkg-config x11 --libs` -> 0
-L/usr/lib/x86_64-linux-gnu -lX11
PKG_CONFIG_PATH: 
Called `/usr/bin/pkg-config x11 --libs` -> 0
-lX11
None of 'PKG_CONFIG_PATH' are defined in the environment, not changing global flags.
Run-time dependency x11 found: YES 1.6.9
Pkg-config binary for MachineChoice.HOST is cached.
Determining dependency 'libpng' with pkg-config executable '/usr/bin/pkg-config'
PKG_CONFIG_PATH: 
Called `/usr/bin/pkg-config --modversion libpng` -> 0
1.6.37
PKG_CONFIG_PATH: 
Called `/usr/bin/pkg-config --cflags libpng` -> 0
-I/usr/include/libpng16
PKG_CONFIG_PATH: 
Called `/usr/bin/pkg-config libpng --libs` -> 0
-L/usr/lib/x86_64-linux-gnu -lpng16 -lz
PKG_CONFIG_PATH: 
Called `/usr/bin/pkg-config libpng --libs` -> 0
-lpng16 -lz
None of 'PKG_CONFIG_PATH' are defined in the environment, not changing global flags.
Run-time dependency libpng found: YES 1.6.37
Pkg-config binary for MachineChoice.HOST is cached.
Determining dependency 'libjpeg' with pkg-config executable '/usr/bin/pkg-config'
PKG_CONFIG_PATH: 
Called `/usr/bin/pkg-config --modversion libjpeg` -> 0
2.0.3
PKG_CONFIG_PATH: 
Called `/usr/bin/pkg-config --cflags libjpeg` -> 0

PKG_CONFIG_PATH: 
Called `/usr/bin/pkg-config libjpeg --libs` -> 0
-L/build/libjpeg-turbo-6HlDLQ/libjpeg-turbo-2.0.3/obj-x86_64-linux-gnu/lib/x86_64-linux-gnu -ljpeg
PKG_CONFIG_PATH: 
Called `/usr/bin/pkg-config libjpeg --libs` -> 0
-L/build/libjpeg-turbo-6HlDLQ/libjpeg-turbo-2.0.3/obj-x86_64-linux-gnu/lib/x86_64-linux-gnu -ljpeg
None of 'PKG_CONFIG_PATH' are defined in the environment, not changing global flags.
Run-time dependency libjpeg found: YES 2.0.3
Running compile:
Working directory:  /home/lore/MasterThesis/qemu/bin/x86_64/meson-private/tmp56_ki74w
Command line:  cc /home/lore/MasterThesis/qemu/bin/x86_64/meson-private/tmp56_ki74w/testfile.c -pipe -E -P -D_FILE_OFFSET_BITS=64 -P -O0 -std=gnu99 

Code:
 
        #ifdef __has_include
         #if !__has_include("sasl/sasl.h")
          #error "Header 'sasl/sasl.h' could not be found"
         #endif
        #else
         #include <sasl/sasl.h>
        #endif
Compiler stdout:
 
Compiler stderr:
 
Has header "sasl/sasl.h" : YES 
None of 'CC_LD' are defined in the environment, not changing global flags.
Running compile:
Working directory:  /home/lore/MasterThesis/qemu/bin/x86_64/meson-private/tmp_5iurni5
Command line:  cc /home/lore/MasterThesis/qemu/bin/x86_64/meson-private/tmp_5iurni5/testfile.c -o /home/lore/MasterThesis/qemu/bin/x86_64/meson-private/tmp_5iurni5/output.exe -pipe -D_FILE_OFFSET_BITS=64 -O0 -Wl,--start-group -lsasl2 -Wl,--end-group -Wl,--allow-shlib-undefined 

Code:
 int main(void) { return 0; }

Compiler stdout:
 
Compiler stderr:
 
Library sasl2 found: YES
Running compile:
Working directory:  /home/lore/MasterThesis/qemu/bin/x86_64/meson-private/tmpn8i7y1e8
Command line:  cc /home/lore/MasterThesis/qemu/bin/x86_64/meson-private/tmpn8i7y1e8/testfile.c -pipe -E -P -D_FILE_OFFSET_BITS=64 -P -O0 -std=gnu99 

Code:
 
        #ifdef __has_include
         #if !__has_include("snappy-c.h")
          #error "Header 'snappy-c.h' could not be found"
         #endif
        #else
         #include <snappy-c.h>
        #endif
Compiler stdout:
 
Compiler stderr:
 
Has header "snappy-c.h" : YES 
None of 'CC_LD' are defined in the environment, not changing global flags.
Running compile:
Working directory:  /home/lore/MasterThesis/qemu/bin/x86_64/meson-private/tmp1v3vy9ui
Command line:  cc /home/lore/MasterThesis/qemu/bin/x86_64/meson-private/tmp1v3vy9ui/testfile.c -o /home/lore/MasterThesis/qemu/bin/x86_64/meson-private/tmp1v3vy9ui/output.exe -pipe -D_FILE_OFFSET_BITS=64 -O0 -Wl,--start-group -lsnappy -Wl,--end-group -Wl,--allow-shlib-undefined 

Code:
 int main(void) { return 0; }

Compiler stdout:
 
Compiler stderr:
 
Library snappy found: YES
None of 'CC_LD' are defined in the environment, not changing global flags.
Running compile:
Working directory:  /home/lore/MasterThesis/qemu/bin/x86_64/meson-private/tmpjw98ih2e
Command line:  cc /home/lore/MasterThesis/qemu/bin/x86_64/meson-private/tmpjw98ih2e/testfile.c -o /home/lore/MasterThesis/qemu/bin/x86_64/meson-private/tmpjw98ih2e/output.exe -pipe -D_FILE_OFFSET_BITS=64 -O0 -std=gnu99 -Wl,--start-group -lsnappy -Wl,--end-group 

Code:
 
   #include <snappy-c.h>
   int main(void) { snappy_max_compressed_length(4096); return 0; }
Compiler stdout:
 
Compiler stderr:
 
Running compile:
Working directory:  /home/lore/MasterThesis/qemu/bin/x86_64/meson-private/tmprc4lfls3
Command line:  cc /home/lore/MasterThesis/qemu/bin/x86_64/meson-private/tmprc4lfls3/testfile.c -pipe -E -P -D_FILE_OFFSET_BITS=64 -P -O0 -std=gnu99 

Code:
 
        #ifdef __has_include
         #if !__has_include("lzo/lzo1x.h")
          #error "Header 'lzo/lzo1x.h' could not be found"
         #endif
        #else
         #include <lzo/lzo1x.h>
        #endif
Compiler stdout:
 
Compiler stderr:
 /home/lore/MasterThesis/qemu/bin/x86_64/meson-private/tmprc4lfls3/testfile.c:4:12: error: #error "Header 'lzo/lzo1x.h' could not be found"
    4 |           #error "Header 'lzo/lzo1x.h' could not be found"
      |            ^~~~~

Has header "lzo/lzo1x.h" : NO 
Pkg-config binary for MachineChoice.HOST is cached.
Determining dependency 'u2f-emu' with pkg-config executable '/usr/bin/pkg-config'
PKG_CONFIG_PATH: 
Called `/usr/bin/pkg-config --modversion u2f-emu` -> 1

Run-time dependency u2f-emu found: NO (tried pkgconfig)
Pkg-config binary for MachineChoice.HOST is cached.
Determining dependency 'libkeyutils' with pkg-config executable '/usr/bin/pkg-config'
PKG_CONFIG_PATH: 
Called `/usr/bin/pkg-config --modversion libkeyutils` -> 1

Run-time dependency libkeyutils found: NO (tried pkgconfig)
None of 'CC_LD' are defined in the environment, not changing global flags.
Running compile:
Working directory:  /home/lore/MasterThesis/qemu/bin/x86_64/meson-private/tmpp1i8y0td
Command line:  cc /home/lore/MasterThesis/qemu/bin/x86_64/meson-private/tmpp1i8y0td/testfile.c -o /home/lore/MasterThesis/qemu/bin/x86_64/meson-private/tmpp1i8y0td/output.exe -pipe -D_FILE_OFFSET_BITS=64 -O0 -std=gnu99 

Code:
 
        #define gettid meson_disable_define_of_gettid
        
        #include <limits.h>
        #undef gettid
        
        #ifdef __cplusplus
        extern "C"
        #endif
        char gettid (void);
        
        #if defined __stub_gettid || defined __stub___gettid
        fail fail fail this function is not going to work
        #endif
        
        int main(void) {
          return gettid ();
        }
Compiler stdout:
 
Compiler stderr:
 
Checking for function "gettid" : YES 
None of 'CC_LD' are defined in the environment, not changing global flags.
Running compile:
Working directory:  /home/lore/MasterThesis/qemu/bin/x86_64/meson-private/tmpo_q4w86d
Command line:  cc /home/lore/MasterThesis/qemu/bin/x86_64/meson-private/tmpo_q4w86d/testfile.c -o /home/lore/MasterThesis/qemu/bin/x86_64/meson-private/tmpo_q4w86d/output.exe -pipe -D_FILE_OFFSET_BITS=64 -O0 -std=gnu99 

Code:
 #include <malloc.h>
                int main(void) { malloc_trim(0); return 0; }
Compiler stdout:
 
Compiler stderr:
 
None of 'CC_LD' are defined in the environment, not changing global flags.
Running compile:
Working directory:  /home/lore/MasterThesis/qemu/bin/x86_64/meson-private/tmpvxck6rh3
Command line:  cc /home/lore/MasterThesis/qemu/bin/x86_64/meson-private/tmpvxck6rh3/testfile.c -o /home/lore/MasterThesis/qemu/bin/x86_64/meson-private/tmpvxck6rh3/output.exe -pipe -D_FILE_OFFSET_BITS=64 -O0 -std=gnu99 

Code:
 
  #ifndef _GNU_SOURCE
  #define _GNU_SOURCE
  #endif
  #include <sys/stat.h>
  int main(void) {
    struct statx statxbuf;
    statx(0, "", 0, STATX_BASIC_STATS, &statxbuf);
    return 0;
  }
Compiler stdout:
 
Compiler stderr:
 
Pkg-config binary for MachineChoice.HOST is cached.
Determining dependency 'fuse3' with pkg-config executable '/usr/bin/pkg-config'
PKG_CONFIG_PATH: 
Called `/usr/bin/pkg-config --modversion fuse3` -> 1

Run-time dependency fuse3 found: NO (tried pkgconfig)
Running compile:
Working directory:  /home/lore/MasterThesis/qemu/bin/x86_64/meson-private/tmpc5xruztf
Command line:  cc /home/lore/MasterThesis/qemu/bin/x86_64/meson-private/tmpc5xruztf/testfile.c -pipe -E -P -D_FILE_OFFSET_BITS=64 -P -O0 -std=gnu99 

Code:
 
        #ifdef __has_include
         #if !__has_include("linux/btrfs.h")
          #error "Header 'linux/btrfs.h' could not be found"
         #endif
        #else
         #include <linux/btrfs.h>
        #endif
Compiler stdout:
 
Compiler stderr:
 
Has header "linux/btrfs.h" : YES 
Running compile:
Working directory:  /home/lore/MasterThesis/qemu/bin/x86_64/meson-private/tmpyn0yc1ku
Command line:  cc /home/lore/MasterThesis/qemu/bin/x86_64/meson-private/tmpyn0yc1ku/testfile.c -pipe -E -P -D_FILE_OFFSET_BITS=64 -P -O0 -std=gnu99 

Code:
 
        #ifdef __has_include
         #if !__has_include("libdrm/drm.h")
          #error "Header 'libdrm/drm.h' could not be found"
         #endif
        #else
         #include <libdrm/drm.h>
        #endif
Compiler stdout:
 
Compiler stderr:
 /home/lore/MasterThesis/qemu/bin/x86_64/meson-private/tmpyn0yc1ku/testfile.c:4:12: error: #error "Header 'libdrm/drm.h' could not be found"
    4 |           #error "Header 'libdrm/drm.h' could not be found"
      |            ^~~~~

Has header "libdrm/drm.h" : NO 
Running compile:
Working directory:  /home/lore/MasterThesis/qemu/bin/x86_64/meson-private/tmpt28po99z
Command line:  cc /home/lore/MasterThesis/qemu/bin/x86_64/meson-private/tmpt28po99z/testfile.c -pipe -E -P -D_FILE_OFFSET_BITS=64 -P -O0 -std=gnu99 

Code:
 
        #ifdef __has_include
         #if !__has_include("pty.h")
          #error "Header 'pty.h' could not be found"
         #endif
        #else
         #include <pty.h>
        #endif
Compiler stdout:
 
Compiler stderr:
 
Has header "pty.h" : YES 
Running compile:
Working directory:  /home/lore/MasterThesis/qemu/bin/x86_64/meson-private/tmpfu5d_xad
Command line:  cc /home/lore/MasterThesis/qemu/bin/x86_64/meson-private/tmpfu5d_xad/testfile.c -pipe -E -P -D_FILE_OFFSET_BITS=64 -P -O0 -std=gnu99 

Code:
 
        #ifdef __has_include
         #if !__has_include("sys/ioccom.h")
          #error "Header 'sys/ioccom.h' could not be found"
         #endif
        #else
         #include <sys/ioccom.h>
        #endif
Compiler stdout:
 
Compiler stderr:
 /home/lore/MasterThesis/qemu/bin/x86_64/meson-private/tmpfu5d_xad/testfile.c:4:12: error: #error "Header 'sys/ioccom.h' could not be found"
    4 |           #error "Header 'sys/ioccom.h' could not be found"
      |            ^~~~~

Has header "sys/ioccom.h" : NO 
Running compile:
Working directory:  /home/lore/MasterThesis/qemu/bin/x86_64/meson-private/tmp7rsfzk67
Command line:  cc /home/lore/MasterThesis/qemu/bin/x86_64/meson-private/tmp7rsfzk67/testfile.c -pipe -E -P -D_FILE_OFFSET_BITS=64 -P -O0 -std=gnu99 

Code:
 
        #ifdef __has_include
         #if !__has_include("sys/kcov.h")
          #error "Header 'sys/kcov.h' could not be found"
         #endif
        #else
         #include <sys/kcov.h>
        #endif
Compiler stdout:
 
Compiler stderr:
 /home/lore/MasterThesis/qemu/bin/x86_64/meson-private/tmp7rsfzk67/testfile.c:4:12: error: #error "Header 'sys/kcov.h' could not be found"
    4 |           #error "Header 'sys/kcov.h' could not be found"
      |            ^~~~~

Has header "sys/kcov.h" : NO 
None of 'CC_LD' are defined in the environment, not changing global flags.
Running compile:
Working directory:  /home/lore/MasterThesis/qemu/bin/x86_64/meson-private/tmpmh4nh7iw
Command line:  cc /home/lore/MasterThesis/qemu/bin/x86_64/meson-private/tmpmh4nh7iw/testfile.c -o /home/lore/MasterThesis/qemu/bin/x86_64/meson-private/tmpmh4nh7iw/output.exe -pipe -D_FILE_OFFSET_BITS=64 -O0 -std=gnu99 

Code:
 #include <stdlib.h>
#include <limits.h>

        #if defined __stub_system || defined __stub___system
        fail fail fail this function is not going to work
        #endif
        
int main(void) {
            void *a = (void*) &system;
            long long b = (long long) a;
            return (int) b;
        }
Compiler stdout:
 
Compiler stderr:
 
Checking for function "system" : YES 
None of 'CC_LD' are defined in the environment, not changing global flags.
Running compile:
Working directory:  /home/lore/MasterThesis/qemu/bin/x86_64/meson-private/tmp9zf_fe3m
Command line:  cc /home/lore/MasterThesis/qemu/bin/x86_64/meson-private/tmp9zf_fe3m/testfile.c -o /home/lore/MasterThesis/qemu/bin/x86_64/meson-private/tmp9zf_fe3m/output.exe -pipe -D_FILE_OFFSET_BITS=64 -O0 -std=gnu99 

Code:
 #include <sys/uio.h>
#include <limits.h>

        #if defined __stub_preadv || defined __stub___preadv
        fail fail fail this function is not going to work
        #endif
        
int main(void) {
            void *a = (void*) &preadv;
            long long b = (long long) a;
            return (int) b;
        }
Compiler stdout:
 
Compiler stderr:
 
Checking for function "preadv" : YES 
Program scripts/minikconf.py found: YES
Configuring x86_64-softmmu-config-target.h using configuration
Configuring x86_64-softmmu-config-devices.mak with command
Running command: /usr/bin/python3 /home/lore/MasterThesis/qemu/scripts/minikconf.py --defconfig x86_64-softmmu-config-devices.mak /home/lore/MasterThesis/qemu/bin/x86_64/meson-private/x86_64-softmmu-config-devices.mak.d /home/lore/MasterThesis/qemu/default-configs/devices/x86_64-softmmu.mak /home/lore/MasterThesis/qemu/Kconfig CONFIG_TPM=y CONFIG_IVSHMEM=y CONFIG_OPENGL=y CONFIG_X11=y CONFIG_VHOST_USER=y CONFIG_VHOST_VDPA=y CONFIG_VHOST_KERNEL=y CONFIG_VIRTFS=y CONFIG_LINUX=y CONFIG_MULTIPROCESS_ALLOWED=y CONFIG_KVM=y CONFIG_TCG=y
--- stdout ---
CONFIG_AC97=y
CONFIG_ACPI=y
CONFIG_ACPI_CPU_HOTPLUG=y
CONFIG_ACPI_HMAT=y
CONFIG_ACPI_HW_REDUCED=y
CONFIG_ACPI_MEMORY_HOTPLUG=y
CONFIG_ACPI_NVDIMM=y
CONFIG_ACPI_PCI=y
CONFIG_ACPI_SMBUS=y
CONFIG_ACPI_VMGENID=y
CONFIG_ACPI_X86=y
CONFIG_ACPI_X86_ICH=y
CONFIG_ADLIB=y
CONFIG_AHCI=y
CONFIG_AHCI_ICH9=y
CONFIG_AMD_IOMMU=y
CONFIG_APIC=y
CONFIG_APM=y
CONFIG_APPLESMC=y
CONFIG_ATI_VGA=y
CONFIG_BITBANG_I2C=y
CONFIG_BOCHS_DISPLAY=y
CONFIG_CAN_BUS=y
CONFIG_CAN_CTUCANFD=y
CONFIG_CAN_CTUCANFD_PCI=y
CONFIG_CAN_PCI=y
CONFIG_CAN_SJA1000=y
CONFIG_CS4231A=y
CONFIG_DDC=y
CONFIG_DIMM=y
CONFIG_E1000E_PCI_EXPRESS=y
CONFIG_E1000_PCI=y
CONFIG_EDID=y
CONFIG_EDU=y
CONFIG_EEPRO100_PCI=y
CONFIG_ES1370=y
CONFIG_ESP=y
CONFIG_ESP_PCI=y
CONFIG_FDC=y
CONFIG_FSDEV_9P=y
CONFIG_FW_CFG_DMA=y
CONFIG_FX=y
CONFIG_GENERIC_LOADER=y
CONFIG_GUS=y
CONFIG_HDA=y
CONFIG_HPET=y
CONFIG_HYPERV=y
CONFIG_HYPERV_TESTDEV=y
CONFIG_I2C=y
CONFIG_I440FX=y
CONFIG_I8254=y
CONFIG_I8257=y
CONFIG_I8259=y
CONFIG_I82801B11=y
CONFIG_IDE_CORE=y
CONFIG_IDE_ISA=y
CONFIG_IDE_PCI=y
CONFIG_IDE_PIIX=y
CONFIG_IDE_QDEV=y
CONFIG_IMX_USBPHY=y
CONFIG_IOAPIC=y
CONFIG_IOH3420=y
CONFIG_IPACK=y
CONFIG_IPMI=y
CONFIG_IPMI_EXTERN=y
CONFIG_IPMI_LOCAL=y
CONFIG_IPMI_SSIF=y
CONFIG_ISAPC=y
CONFIG_ISA_BUS=y
CONFIG_ISA_DEBUG=y
CONFIG_ISA_IPMI_BT=y
CONFIG_ISA_IPMI_KCS=y
CONFIG_ISA_TESTDEV=y
CONFIG_IVSHMEM_DEVICE=y
CONFIG_LPC_ICH9=y
CONFIG_LSI_SCSI_PCI=y
CONFIG_MC146818RTC=y
CONFIG_MEGASAS_SCSI_PCI=y
CONFIG_MEM_DEVICE=y
CONFIG_MICROVM=y
CONFIG_MPTSAS_SCSI_PCI=y
CONFIG_MSI_NONBROKEN=y
CONFIG_MULTIPROCESS=y
CONFIG_NE2000_COMMON=y
CONFIG_NE2000_ISA=y
CONFIG_NE2000_PCI=y
CONFIG_NMC93XX_EEPROM=y
CONFIG_NVDIMM=y
CONFIG_NVME_PCI=y
CONFIG_PAM=y
CONFIG_PARALLEL=y
CONFIG_PC=y
CONFIG_PCI=y
CONFIG_PCIE_PORT=y
CONFIG_PCI_DEVICES=y
CONFIG_PCI_EXPRESS=y
CONFIG_PCI_EXPRESS_GENERIC_BRIDGE=y
CONFIG_PCI_EXPRESS_Q35=y
CONFIG_PCI_I440FX=y
CONFIG_PCI_IPMI_BT=y
CONFIG_PCI_IPMI_KCS=y
CONFIG_PCI_TESTDEV=y
CONFIG_PCKBD=y
CONFIG_PCNET_COMMON=y
CONFIG_PCNET_PCI=y
CONFIG_PCSPK=y
CONFIG_PC_ACPI=y
CONFIG_PC_PCI=y
CONFIG_PFLASH_CFI01=y
CONFIG_PIIX3=y
CONFIG_PS2=y
CONFIG_PVPANIC_COMMON=y
CONFIG_PVPANIC_ISA=y
CONFIG_PVPANIC_PCI=y
CONFIG_PXB=y
CONFIG_Q35=y
CONFIG_REMOTE_PCIHOST=y
CONFIG_ROCKER=y
CONFIG_RTL8139_PCI=y
CONFIG_SB16=y
CONFIG_SCSI=y
CONFIG_SD=y
CONFIG_SDHCI=y
CONFIG_SDHCI_PCI=y
CONFIG_SERIAL=y
CONFIG_SERIAL_ISA=y
CONFIG_SERIAL_PCI=y
CONFIG_SERIAL_PCI_MULTI=y
CONFIG_SEV=y
CONFIG_SGA=y
CONFIG_SMBIOS=y
CONFIG_SMBUS=y
CONFIG_SMBUS_EEPROM=y
CONFIG_TEST_DEVICES=y
CONFIG_TPM_BACKEND=y
CONFIG_TPM_CRB=y
CONFIG_TPM_EMULATOR=y
CONFIG_TPM_PASSTHROUGH=y
CONFIG_TPM_TIS=y
CONFIG_TPM_TIS_ISA=y
CONFIG_TULIP=y
CONFIG_USB=y
CONFIG_USB_AUDIO=y
CONFIG_USB_EHCI=y
CONFIG_USB_EHCI_PCI=y
CONFIG_USB_NETWORK=y
CONFIG_USB_OHCI=y
CONFIG_USB_OHCI_PCI=y
CONFIG_USB_SERIAL=y
CONFIG_USB_SMARTCARD=y
CONFIG_USB_STORAGE_BOT=y
CONFIG_USB_STORAGE_MTP=y
CONFIG_USB_STORAGE_UAS=y
CONFIG_USB_TABLET_WACOM=y
CONFIG_USB_U2F=y
CONFIG_USB_UHCI=y
CONFIG_USB_XHCI=y
CONFIG_USB_XHCI_NEC=y
CONFIG_USB_XHCI_PCI=y
CONFIG_USB_XHCI_SYSBUS=y
CONFIG_VFIO=y
CONFIG_VFIO_IGD=y
CONFIG_VFIO_PCI=y
CONFIG_VGA=y
CONFIG_VGA_CIRRUS=y
CONFIG_VGA_ISA=y
CONFIG_VGA_PCI=y
CONFIG_VHOST=y
CONFIG_VHOST_USER_BLK=y
CONFIG_VHOST_USER_GPU=y
CONFIG_VHOST_USER_INPUT=y
CONFIG_VHOST_USER_SCSI=y
CONFIG_VHOST_USER_VGA=y
CONFIG_VIRTIO=y
CONFIG_VIRTIO_9P=y
CONFIG_VIRTIO_BALLOON=y
CONFIG_VIRTIO_BLK=y
CONFIG_VIRTIO_CRYPTO=y
CONFIG_VIRTIO_GPU=y
CONFIG_VIRTIO_INPUT=y
CONFIG_VIRTIO_INPUT_HOST=y
CONFIG_VIRTIO_IOMMU=y
CONFIG_VIRTIO_MEM=y
CONFIG_VIRTIO_MEM_SUPPORTED=y
CONFIG_VIRTIO_MMIO=y
CONFIG_VIRTIO_NET=y
CONFIG_VIRTIO_PCI=y
CONFIG_VIRTIO_PMEM=y
CONFIG_VIRTIO_PMEM_SUPPORTED=y
CONFIG_VIRTIO_RNG=y
CONFIG_VIRTIO_SCSI=y
CONFIG_VIRTIO_SERIAL=y
CONFIG_VIRTIO_VGA=y
CONFIG_VMBUS=y
CONFIG_VMMOUSE=y
CONFIG_VMPORT=y
CONFIG_VMWARE_VGA=y
CONFIG_VMW_PVSCSI_SCSI_PCI=y
CONFIG_VMXNET3_PCI=y
CONFIG_VTD=y
CONFIG_WDT_IB6300ESB=y
CONFIG_WDT_IB700=y
CONFIG_X86_IOMMU=y
CONFIG_XIO3130=y

--- stderr ---


Reading depfile: /home/lore/MasterThesis/qemu/bin/x86_64/meson-private/x86_64-softmmu-config-devices.mak.d
Configuring x86_64-softmmu-config-devices.h using configuration
Pkg-config binary for MachineChoice.HOST is cached.
Determining dependency 'capstone' with pkg-config executable '/usr/bin/pkg-config'
PKG_CONFIG_PATH: 
Called `/usr/bin/pkg-config --modversion capstone` -> 1

Run-time dependency capstone found: NO (tried pkgconfig)
Configuring capstone-defs.h using configuration
Pkg-config binary for MachineChoice.HOST is cached.
Determining dependency 'slirp' with pkg-config executable '/usr/bin/pkg-config'
PKG_CONFIG_PATH: 
Called `/usr/bin/pkg-config --modversion slirp` -> 1

Run-time dependency slirp found: NO (tried pkgconfig)
Configuring libslirp-version.h using configuration
None of 'CC_LD' are defined in the environment, not changing global flags.
Running compile:
Working directory:  /home/lore/MasterThesis/qemu/bin/x86_64/meson-private/tmp2hnkus4p
Command line:  cc /home/lore/MasterThesis/qemu/bin/x86_64/meson-private/tmp2hnkus4p/testfile.c -o /home/lore/MasterThesis/qemu/bin/x86_64/meson-private/tmp2hnkus4p/output.exe -pipe -D_FILE_OFFSET_BITS=64 -O0 -Wl,--start-group -lfdt -Wl,--end-group -Wl,--allow-shlib-undefined 

Code:
 int main(void) { return 0; }

Compiler stdout:
 
Compiler stderr:
 
Library fdt found: YES
None of 'CC_LD' are defined in the environment, not changing global flags.
Running compile:
Working directory:  /home/lore/MasterThesis/qemu/bin/x86_64/meson-private/tmptd1tjl9s
Command line:  cc /home/lore/MasterThesis/qemu/bin/x86_64/meson-private/tmptd1tjl9s/testfile.c -o /home/lore/MasterThesis/qemu/bin/x86_64/meson-private/tmptd1tjl9s/output.exe -pipe -D_FILE_OFFSET_BITS=64 -O0 -std=gnu99 -Wl,--start-group -lfdt -Wl,--end-group 

Code:
 
       #include <libfdt.h>
       #include <libfdt_env.h>
       int main(void) { fdt_check_full(NULL, 0); return 0; }
Compiler stdout:
 
Compiler stderr:
 
Configuring config-host.h using configuration
Program scripts/hxtool found: YES
Program scripts/shaderinclude.pl found: YES
Program scripts/qapi-gen.py found: YES
Program scripts/qemu-version.sh found: YES

Executing subproject libvhost-user method meson 

None of 'PKG_CONFIG_PATH' are defined in the environment, not changing global flags.
None of 'PKG_CONFIG_PATH' are defined in the environment, not changing global flags.
Project name: libvhost-user
Project version: undefined
C compiler for the build machine: cc (gcc 9.3.0 "cc (Ubuntu 9.3.0-17ubuntu1~20.04) 9.3.0")
C linker for the build machine: cc ld.bfd 2.34
C compiler for the host machine: cc (gcc 9.3.0 "cc (Ubuntu 9.3.0-17ubuntu1~20.04) 9.3.0")
C linker for the host machine: cc ld.bfd 2.34
Run-time dependency threads found: YES
Dependency glib-2.0 found: YES 5.2.50 (overridden)
Build targets in project: 10
Subproject libvhost-user finished.

Dependency threads found: YES unknown (cached)
Program keycodemapdb/tools/keymap-gen found: YES
Program scripts/decodetree.py found: YES
Program ../scripts/modules/module_block.py found: YES
Program ../scripts/block-coroutine-wrapper.py found: YES
Program nm found: YES
Program scripts/undefsym.py found: YES
Program scripts/feature_to_c.sh found: YES
Configuring 50-qemu-virtiofsd.json using configuration
Configuring 50-edk2-i386-secure.json using configuration
Configuring 50-edk2-x86_64-secure.json using configuration
Configuring 60-edk2-aarch64.json using configuration
Configuring 60-edk2-arm.json using configuration
Configuring 60-edk2-i386.json using configuration
Configuring 60-edk2-x86_64.json using configuration
Program qemu-keymap found: NO
Program sphinx-build found: YES
Running command: /usr/bin/mkdir -p /home/lore/MasterThesis/qemu/bin/x86_64/meson-private/temp/sphinx
--- stdout ---

--- stderr ---


Running command: /usr/bin/touch /home/lore/MasterThesis/qemu/bin/x86_64/meson-private/temp/sphinx/index.rst
--- stdout ---

--- stderr ---


Running command: /usr/bin/env CONFDIR=/usr/local/etc/qemu /home/lore/.local/bin/sphinx-build -W -c /home/lore/MasterThesis/qemu/docs -b html /home/lore/MasterThesis/qemu/bin/x86_64/meson-private/temp/sphinx /home/lore/MasterThesis/qemu/bin/x86_64/meson-private/temp/sphinx/out
--- stdout ---
Running Sphinx v3.5.1
making output directory... done
building [mo]: targets for 0 po files that are out of date
building [html]: targets for 1 source files that are out of date
updating environment: [new config] 1 added, 0 changed, 0 removed
reading sources... [100%] index

looking for now-outdated files... none found
pickling environment... done
checking consistency... done
preparing documents... done
writing output... [100%] index

generating indices... genindex done
writing additional pages... search done
copying static files... done
copying extra files... done
dumping search index in English (code: en)... done
dumping object inventory... done
build succeeded.

The HTML pages are in ../bin/x86_64/meson-private/temp/sphinx/out.

--- stderr ---


Program python3 found: YES (/usr/bin/python3)
Adding test "check-block-qdict"
Adding test "check-qdict"
Adding test "check-qnum"
Adding test "check-qstring"
Adding test "check-qlist"
Adding test "check-qnull"
Adding test "check-qobject"
Adding test "check-qjson"
Adding test "check-qlit"
Adding test "test-qobject-output-visitor"
Adding test "test-clone-visitor"
Adding test "test-qobject-input-visitor"
Adding test "test-string-input-visitor"
Adding test "test-string-output-visitor"
Adding test "test-opts-visitor"
Adding test "test-visitor-serialization"
Adding test "test-bitmap"
Adding test "test-x86-cpuid"
Adding test "test-cutils"
Adding test "test-shift128"
Adding test "test-mul64"
Adding test "test-int128"
Adding test "rcutorture"
Adding test "test-rcu-list"
Adding test "test-rcu-simpleq"
Adding test "test-rcu-tailq"
Adding test "test-rcu-slist"
Adding test "test-qdist"
Adding test "test-qht"
Adding test "test-bitops"
Adding test "test-bitcnt"
Adding test "test-qgraph"
Adding test "check-qom-interface"
Adding test "check-qom-proplist"
Adding test "test-qemu-opts"
Adding test "test-keyval"
Adding test "test-logging"
Adding test "test-uuid"
Adding test "ptimer-test"
Adding test "test-qapi-util"
Adding test "test-qmp-event"
Adding test "test-coroutine"
Adding test "test-aio"
Adding test "test-aio-multithread"
Adding test "test-throttle"
Adding test "test-thread-pool"
Adding test "test-hbitmap"
Adding test "test-bdrv-drain"
Adding test "test-bdrv-graph-mod"
Adding test "test-blockjob"
Adding test "test-blockjob-txn"
Adding test "test-block-backend"
Adding test "test-block-iothread"
Adding test "test-write-threshold"
Adding test "test-crypto-hash"
Adding test "test-crypto-hmac"
Adding test "test-crypto-cipher"
Adding test "test-crypto-secret"
Adding test "test-authz-simple"
Adding test "test-authz-list"
Adding test "test-authz-listfile"
Adding test "test-io-task"
Adding test "test-io-channel-socket"
Adding test "test-io-channel-file"
Adding test "test-io-channel-command"
Adding test "test-io-channel-buffer"
Adding test "test-crypto-ivgen"
Adding test "test-crypto-afsplit"
Adding test "test-crypto-block"
Adding test "test-image-locking"
Adding test "test-replication"
Adding test "test-crypto-pbkdf"
Adding test "test-fdmon-epoll"
Adding test "test-iov"
Adding test "test-qmp-cmds"
Adding test "test-xbzrle"
Adding test "test-timed-average"
Adding test "test-util-sockets"
Adding test "test-base64"
Adding test "test-bufferiszero"
Adding test "test-vmstate"
Adding test "test-util-filemonitor"
Adding test "test-char"
Adding test "test-qdev-global-props"
Adding test "test-qga"
Adding benchmark "benchmark-crypto-hash"
Adding benchmark "benchmark-crypto-hmac"
Adding benchmark "benchmark-crypto-cipher"
Adding test "decodetree"
Adding test "fp-test-float-to-float"
Adding test "fp-test-int-to-float"
Adding test "fp-test-uint-to-float"
Adding test "fp-test-float-to-int"
Adding test "fp-test-float-to-uint"
Adding test "fp-test-round-to-integer"
Adding test "fp-test-eq_signaling"
Adding test "fp-test-le"
Adding test "fp-test-le_quiet"
Adding test "fp-test-lt_quiet"
Adding test "fp-test-add"
Adding test "fp-test-sub"
Adding test "fp-test-mul"
Adding test "fp-test-div"
Adding test "fp-test-rem"
Adding test "fp-test-sqrt"
Adding test "fp-test-mulAdd"
Adding test "QAPI schema regression tests"
Program diff found: YES
Adding test "QAPI rST doc"
Program dbus-daemon found: YES
Adding test "qtest-x86_64/pxe-test"
Adding test "qtest-x86_64/test-netfilter"
Adding test "qtest-x86_64/test-filter-mirror"
Adding test "qtest-x86_64/ahci-test"
Adding test "qtest-x86_64/endianness-test"
Adding test "qtest-x86_64/boot-serial-test"
Adding test "qtest-x86_64/test-filter-redirector"
Adding test "qtest-x86_64/ipmi-kcs-test"
Adding test "qtest-x86_64/ipmi-bt-test"
Adding test "qtest-x86_64/wdt_ib700-test"
Adding test "qtest-x86_64/pvpanic-test"
Adding test "qtest-x86_64/pvpanic-pci-test"
Adding test "qtest-x86_64/intel-hda-test"
Adding test "qtest-x86_64/i82801b11-test"
Adding test "qtest-x86_64/ioh3420-test"
Adding test "qtest-x86_64/usb-hcd-uhci-test"
Adding test "qtest-x86_64/usb-hcd-ehci-test"
Adding test "qtest-x86_64/usb-hcd-xhci-test"
Adding test "qtest-x86_64/tpm-crb-test"
Adding test "qtest-x86_64/tpm-crb-swtpm-test"
Adding test "qtest-x86_64/tpm-tis-test"
Adding test "qtest-x86_64/tpm-tis-swtpm-test"
Adding test "qtest-x86_64/rtl8139-test"
Adding test "qtest-x86_64/display-vga-test"
Adding test "qtest-x86_64/ivshmem-test"
Adding test "qtest-x86_64/fdc-test"
Adding test "qtest-x86_64/ide-test"
Adding test "qtest-x86_64/hd-geo-test"
Adding test "qtest-x86_64/boot-order-test"
Adding test "qtest-x86_64/bios-tables-test"
Adding test "qtest-x86_64/rtc-test"
Adding test "qtest-x86_64/i440fx-test"
Adding test "qtest-x86_64/fuzz-test"
Adding test "qtest-x86_64/fw_cfg-test"
Adding test "qtest-x86_64/device-plug-test"
Adding test "qtest-x86_64/drive_del-test"
Adding test "qtest-x86_64/tco-test"
Adding test "qtest-x86_64/cpu-plug-test"
Adding test "qtest-x86_64/q35-test"
Adding test "qtest-x86_64/vmgenid-test"
Adding test "qtest-x86_64/migration-test"
Adding test "qtest-x86_64/test-x86-cpuid-compat"
Adding test "qtest-x86_64/numa-test"
Adding test "qtest-x86_64/cdrom-test"
Adding test "qtest-x86_64/device-introspect-test"
Adding test "qtest-x86_64/machine-none-test"
Adding test "qtest-x86_64/qmp-test"
Adding test "qtest-x86_64/qmp-cmd-test"
Adding test "qtest-x86_64/qom-test"
Adding test "qtest-x86_64/test-hmp"
Adding test "qtest-x86_64/qos-test"
Program initrd-stress.sh found: YES
Program xgettext found: NO
Build targets in project: 452

qemu 5.2.50

  Directories
                   Install prefix: /usr/local
                   BIOS directory: share/qemu
                    firmware path: /usr/local/share/qemu-firmware
                 binary directory: bin
                library directory: lib
                 module directory: lib/qemu
                libexec directory: libexec
                include directory: include
                 config directory: /usr/local/etc
            local state directory: /usr/local/var
                 Manual directory: share/man
                    Doc directory: /usr/local/share/doc
                  Build directory: /home/lore/MasterThesis/qemu/bin/x86_64
                      Source path: /home/lore/MasterThesis/qemu
                   GIT submodules: ui/keycodemapdb tests/fp/berkeley-testfloat-3 tests/fp/berkeley-softfloat-3 meson dtc capstone slirp

  Host binaries
                              git: git
                             make: make
                           python: /usr/bin/python3 (version: 3.8)
                     sphinx-build: YES
                              gdb: /usr/bin/gdb
                      genisoimage: /usr/bin/genisoimage
                             smbd: "/usr/sbin/smbd"

  Configurable features
                    Documentation: YES
            system-mode emulation: YES
              user-mode emulation: NO
                      block layer: YES
                    Install blobs: YES
                   module support: NO
                   plugin support: NO
                  fuzzing support: NO
                    Audio drivers: pa oss
                   Trace backends: log
                    QOM debugging: YES
             vhost-kernel support: YES
                vhost-net support: YES
             vhost-crypto support: YES
               vhost-scsi support: YES
              vhost-vsock support: YES
               vhost-user support: YES
    vhost-user-blk server support: YES
            vhost-user-fs support: YES
               vhost-vdpa support: YES
                build guest agent: YES

  Compilation
                         host CPU: x86_64
                  host endianness: little
                       C compiler: cc
                  Host C compiler: cc
                     C++ compiler: c++
                          ARFLAGS: rv
                           CFLAGS: -O0 -g
                         CXXFLAGS: -O0 -g
                      QEMU_CFLAGS: -m64 -mcx16 -D_GNU_SOURCE -D_FILE_OFFSET_BITS=64 -D_LARGEFILE_SOURCE -Wstrict-prototypes -Wredundant-decls -Wundef -Wwrite-strings -Wmissing-prototypes -fno-strict-aliasing -fno-common -fwrapv  -Wold-style-declaration -Wold-style-definition -Wtype-limits -Wformat-security -Wformat-y2k -Winit-self -Wignored-qualifiers -Wempty-body -Wnested-externs -Wendif-labels -Wexpansion-to-defined -Wimplicit-fallthrough=2 -Wno-missing-include-dirs -Wno-shift-negative-value -Wno-psabi -fstack-protector-strong
                     QEMU_LDFLAGS: -Wl,--warn-common -Wl,-z,relro -Wl,-z,now -m64  -fstack-protector-strong
                         profiler: NO
     link-time optimization (LTO): NO
                              PIE: YES
                     static build: NO
              malloc trim support: YES
                       membarrier: NO
                   preadv support: YES
                        fdatasync: YES
                          madvise: YES
                    posix_madvise: YES
                   posix_memalign: YES
                debug stack usage: NO
                  mutex debugging: YES
                 memory allocator: system
                avx2 optimization: YES
             avx512f optimization: NO
                    gprof enabled: NO
                             gcov: NO
                 thread sanitizer: NO
                      CFI support: NO
                   strip binaries: NO
                           sparse: NO
                  mingw32 support: NO
                     x86_64 tests: cc

  Targets and accelerators
                      KVM support: YES
                      HAX support: NO
                      HVF support: NO
                     WHPX support: NO
                      Xen support: NO
                      TCG support: YES
                      TCG backend: native (x86_64)
                TCG debug enabled: YES
                      target list: x86_64-softmmu
                  default devices: YES
         out of process emulation: YES

  Block layer support
                coroutine backend: ucontext
                   coroutine pool: YES
             Block whitelist (rw): 
             Block whitelist (ro): 
                   VirtFS support: YES
            build virtiofs daemon: YES
             Live block migration: YES
              replication support: YES
                    bochs support: YES
                    cloop support: YES
                      dmg support: YES
                  qcow v1 support: YES
                      vdi support: YES
                    vvfat support: YES
                      qed support: YES
                parallels support: YES
                 sheepdog support: NO
                     FUSE exports: NO

  Crypto
                     TLS priority: "NORMAL"
                   GNUTLS support: NO
                        libgcrypt: YES
                             hmac: YES
                              XTS: YES
                           nettle: NO
                     crypto afalg: NO
                         rng-none: NO
                    Linux keyring: YES

  Dependencies
                      SDL support: NO
                SDL image support: NO
                      GTK support: YES
                           pixman: YES
                      VTE support: NO
                    slirp support: internal
                         libtasn1: NO
                              PAM: NO
                    iconv support: YES
                   curses support: YES
                    virgl support: NO
                     curl support: YES
                Multipath support: NO
                      VNC support: YES
                 VNC SASL support: YES
                 VNC JPEG support: YES
                  VNC PNG support: YES
                   brlapi support: YES
                      vde support: NO
                   netmap support: NO
                Linux AIO support: YES
           Linux io_uring support: NO
               ATTR/XATTR support: YES
                     RDMA support: NO
                   PVRDMA support: NO
                      fdt support: system
                libcap-ng support: YES
                    spice support: NO
                      rbd support: YES
                   xfsctl support: YES
                smartcard support: NO
                      U2F support: NO
                           libusb: NO
                    usb net redir: NO
                   OpenGL support: YES
                              GBM: NO
                 libiscsi support: NO
                   libnfs support: NO
                  seccomp support: YES
                GlusterFS support: NO
                      TPM support: YES
                   libssh support: NO
                      lzo support: NO
                   snappy support: YES
                    bzip2 support: YES
                    lzfse support: NO
                     zstd support: NO
                NUMA host support: YES
                          libxml2: NO
                         capstone: internal
                  libpmem support: NO
                libdaxctl support: NO
                          libudev: NO
                       FUSE lseek: NO

  Subprojects
                    libvhost-user: YES

Found ninja-1.10.0 at /usr/bin/ninja
Running compile:
Working directory:  /home/lore/MasterThesis/qemu/bin/x86_64/meson-private/tmpk5x92h5f
Command line:  cc /home/lore/MasterThesis/qemu/bin/x86_64/meson-private/tmpk5x92h5f/testfile.c -o /home/lore/MasterThesis/qemu/bin/x86_64/meson-private/tmpk5x92h5f/output.obj -pipe -c -D_FILE_OFFSET_BITS=64 -O0 --print-search-dirs 

Code:
 
Compiler stdout:
 install: /usr/lib/gcc/x86_64-linux-gnu/9/
programs: =/usr/lib/gcc/x86_64-linux-gnu/9/:/usr/lib/gcc/x86_64-linux-gnu/9/:/usr/lib/gcc/x86_64-linux-gnu/:/usr/lib/gcc/x86_64-linux-gnu/9/:/usr/lib/gcc/x86_64-linux-gnu/:/usr/lib/gcc/x86_64-linux-gnu/9/../../../../x86_64-linux-gnu/bin/x86_64-linux-gnu/9/:/usr/lib/gcc/x86_64-linux-gnu/9/../../../../x86_64-linux-gnu/bin/x86_64-linux-gnu/:/usr/lib/gcc/x86_64-linux-gnu/9/../../../../x86_64-linux-gnu/bin/
libraries: =/usr/lib/gcc/x86_64-linux-gnu/9/:/usr/lib/gcc/x86_64-linux-gnu/9/../../../../x86_64-linux-gnu/lib/x86_64-linux-gnu/9/:/usr/lib/gcc/x86_64-linux-gnu/9/../../../../x86_64-linux-gnu/lib/x86_64-linux-gnu/:/usr/lib/gcc/x86_64-linux-gnu/9/../../../../x86_64-linux-gnu/lib/../lib/:/usr/lib/gcc/x86_64-linux-gnu/9/../../../x86_64-linux-gnu/9/:/usr/lib/gcc/x86_64-linux-gnu/9/../../../x86_64-linux-gnu/:/usr/lib/gcc/x86_64-linux-gnu/9/../../../../lib/:/lib/x86_64-linux-gnu/9/:/lib/x86_64-linux-gnu/:/lib/../lib/:/usr/lib/x86_64-linux-gnu/9/:/usr/lib/x86_64-linux-gnu/:/usr/lib/../lib/:/usr/lib/gcc/x86_64-linux-gnu/9/../../../../x86_64-linux-gnu/lib/:/usr/lib/gcc/x86_64-linux-gnu/9/../../../:/lib/:/usr/lib/

Compiler stderr:
 
Command line for building ['libcommon.fa'] is long, using a response file
